
*** Running vivado
    with args -log top_uart.vds -m64 -product Vivado -mode batch -messageDb vivado.pb -notrace -source top_uart.tcl


****** Vivado v2018.2 (64-bit)
  **** SW Build 2258646 on Thu Jun 14 20:02:38 MDT 2018
  **** IP Build 2256618 on Thu Jun 14 22:10:49 MDT 2018
    ** Copyright 1986-2018 Xilinx, Inc. All Rights Reserved.

source top_uart.tcl -notrace
Command: synth_design -top top_uart -part xc7a100tcsg324-1
Starting synth_design
Attempting to get a license for feature 'Synthesis' and/or device 'xc7a100t'
INFO: [Common 17-349] Got license for feature 'Synthesis' and/or device 'xc7a100t'
INFO: Launching helper process for spawning children vivado processes
INFO: Helper process launched with PID 12775 
---------------------------------------------------------------------------------
Starting RTL Elaboration : Time (s): cpu = 00:00:02 ; elapsed = 00:00:03 . Memory (MB): peak = 1416.188 ; gain = 86.820 ; free physical = 465 ; free virtual = 16656
---------------------------------------------------------------------------------
INFO: [Synth 8-638] synthesizing module 'top_uart' [/net/e/souajih/Documents/blegal/EN325/5_FPGA/1_FPGASynthesis/vhdl/top_uart.vhd:56]
INFO: [Synth 8-638] synthesizing module 'RGB2YCbCr' [/net/e/souajih/Documents/blegal/EN325/5_FPGA/1_FPGASynthesis/vhdl/RGB2YCbCr.vhd:35]
INFO: [Synth 8-256] done synthesizing module 'RGB2YCbCr' (1#1) [/net/e/souajih/Documents/blegal/EN325/5_FPGA/1_FPGASynthesis/vhdl/RGB2YCbCr.vhd:35]
INFO: [Synth 8-638] synthesizing module 'full_UART_recv' [/net/e/souajih/Documents/blegal/EN325/5_FPGA/1_FPGASynthesis/vhdl/uart_r/full_uart_recv.vhd:37]
INFO: [Synth 8-638] synthesizing module 'UART_recv' [/net/e/souajih/Documents/blegal/EN325/5_FPGA/1_FPGASynthesis/vhdl/uart_r/uart_recv.vhd:35]
INFO: [Synth 8-256] done synthesizing module 'UART_recv' (2#1) [/net/e/souajih/Documents/blegal/EN325/5_FPGA/1_FPGASynthesis/vhdl/uart_r/uart_recv.vhd:35]
INFO: [Synth 8-638] synthesizing module 'merger_8b_to_24b' [/net/e/souajih/Documents/blegal/EN325/5_FPGA/1_FPGASynthesis/vhdl/uart_r/merger_8b_to_24b.vhd:21]
	Parameter BITS bound to: 18 - type: integer 
INFO: [Synth 8-256] done synthesizing module 'merger_8b_to_24b' (3#1) [/net/e/souajih/Documents/blegal/EN325/5_FPGA/1_FPGASynthesis/vhdl/uart_r/merger_8b_to_24b.vhd:21]
INFO: [Synth 8-256] done synthesizing module 'full_UART_recv' (4#1) [/net/e/souajih/Documents/blegal/EN325/5_FPGA/1_FPGASynthesis/vhdl/uart_r/full_uart_recv.vhd:37]
INFO: [Synth 8-638] synthesizing module 'full_UART_trans' [/net/e/souajih/Documents/blegal/EN325/5_FPGA/1_FPGASynthesis/vhdl/uart_t/full_uart_trans.vhd:38]
INFO: [Synth 8-638] synthesizing module 'splitter_24b_to_8b' [/net/e/souajih/Documents/blegal/EN325/5_FPGA/1_FPGASynthesis/vhdl/uart_t/splitter_24b_to_8b.vhd:17]
INFO: [Synth 8-256] done synthesizing module 'splitter_24b_to_8b' (5#1) [/net/e/souajih/Documents/blegal/EN325/5_FPGA/1_FPGASynthesis/vhdl/uart_t/splitter_24b_to_8b.vhd:17]
INFO: [Synth 8-638] synthesizing module 'UART_fifoed_send' [/net/e/souajih/Documents/blegal/EN325/5_FPGA/1_FPGASynthesis/vhdl/uart_t/UART_fifoed_send_V1.vhd:35]
	Parameter fifo_size bound to: 4096 - type: integer 
	Parameter fifo_almost bound to: 4090 - type: integer 
	Parameter drop_oldest_when_full bound to: 0 - type: bool 
	Parameter asynch_fifo_full bound to: 1 - type: bool 
INFO: [Synth 8-256] done synthesizing module 'UART_fifoed_send' (6#1) [/net/e/souajih/Documents/blegal/EN325/5_FPGA/1_FPGASynthesis/vhdl/uart_t/UART_fifoed_send_V1.vhd:35]
INFO: [Synth 8-256] done synthesizing module 'full_UART_trans' (7#1) [/net/e/souajih/Documents/blegal/EN325/5_FPGA/1_FPGASynthesis/vhdl/uart_t/full_uart_trans.vhd:38]
INFO: [Synth 8-256] done synthesizing module 'top_uart' (8#1) [/net/e/souajih/Documents/blegal/EN325/5_FPGA/1_FPGASynthesis/vhdl/top_uart.vhd:56]
---------------------------------------------------------------------------------
Finished RTL Elaboration : Time (s): cpu = 00:00:02 ; elapsed = 00:00:04 . Memory (MB): peak = 1461.828 ; gain = 132.461 ; free physical = 471 ; free virtual = 16665
---------------------------------------------------------------------------------

Report Check Netlist: 
+------+------------------+-------+---------+-------+------------------+
|      |Item              |Errors |Warnings |Status |Description       |
+------+------------------+-------+---------+-------+------------------+
|1     |multi_driven_nets |      0|        0|Passed |Multi driven nets |
+------+------------------+-------+---------+-------+------------------+
---------------------------------------------------------------------------------
Start Handling Custom Attributes
---------------------------------------------------------------------------------
---------------------------------------------------------------------------------
Finished Handling Custom Attributes : Time (s): cpu = 00:00:02 ; elapsed = 00:00:04 . Memory (MB): peak = 1461.828 ; gain = 132.461 ; free physical = 471 ; free virtual = 16665
---------------------------------------------------------------------------------
---------------------------------------------------------------------------------
Finished RTL Optimization Phase 1 : Time (s): cpu = 00:00:02 ; elapsed = 00:00:04 . Memory (MB): peak = 1461.828 ; gain = 132.461 ; free physical = 471 ; free virtual = 16665
---------------------------------------------------------------------------------
INFO: [Device 21-403] Loading part xc7a100tcsg324-1
INFO: [Project 1-570] Preparing netlist for logic optimization

Processing XDC Constraints
Initializing timing engine
Parsing XDC File [/net/e/souajih/Documents/blegal/EN325/5_FPGA/1_FPGASynthesis/xdc/nexys_4.xdc]
Finished Parsing XDC File [/net/e/souajih/Documents/blegal/EN325/5_FPGA/1_FPGASynthesis/xdc/nexys_4.xdc]
INFO: [Project 1-236] Implementation specific constraints were found while reading constraint file [/net/e/souajih/Documents/blegal/EN325/5_FPGA/1_FPGASynthesis/xdc/nexys_4.xdc]. These constraints will be ignored for synthesis but will be used in implementation. Impacted constraints are listed in the file [.Xil/top_uart_propImpl.xdc].
Resolution: To avoid this warning, move constraints listed in [.Xil/top_uart_propImpl.xdc] to another XDC file and exclude this new file from synthesis with the used_in_synthesis property (File Properties dialog in GUI) and re-run elaboration/synthesis.
Completed Processing XDC Constraints

INFO: [Project 1-111] Unisim Transformation Summary:
No Unisim elements were transformed.

Constraint Validation Runtime : Time (s): cpu = 00:00:00.01 ; elapsed = 00:00:00.03 . Memory (MB): peak = 1843.770 ; gain = 0.000 ; free physical = 201 ; free virtual = 16397
---------------------------------------------------------------------------------
Finished Constraint Validation : Time (s): cpu = 00:00:12 ; elapsed = 00:00:37 . Memory (MB): peak = 1843.770 ; gain = 514.402 ; free physical = 280 ; free virtual = 16477
---------------------------------------------------------------------------------
---------------------------------------------------------------------------------
Start Loading Part and Timing Information
---------------------------------------------------------------------------------
Loading part: xc7a100tcsg324-1
---------------------------------------------------------------------------------
Finished Loading Part and Timing Information : Time (s): cpu = 00:00:12 ; elapsed = 00:00:37 . Memory (MB): peak = 1843.770 ; gain = 514.402 ; free physical = 280 ; free virtual = 16477
---------------------------------------------------------------------------------
---------------------------------------------------------------------------------
Start Applying 'set_property' XDC Constraints
---------------------------------------------------------------------------------
---------------------------------------------------------------------------------
Finished applying 'set_property' XDC Constraints : Time (s): cpu = 00:00:12 ; elapsed = 00:00:37 . Memory (MB): peak = 1843.770 ; gain = 514.402 ; free physical = 282 ; free virtual = 16478
---------------------------------------------------------------------------------
WARNING: [Synth 8-6014] Unused sequential element b_reg was removed.  [/net/e/souajih/Documents/blegal/EN325/5_FPGA/1_FPGASynthesis/vhdl/RGB2YCbCr.vhd:67]
WARNING: [Synth 8-6014] Unused sequential element v_reg was removed.  [/net/e/souajih/Documents/blegal/EN325/5_FPGA/1_FPGASynthesis/vhdl/RGB2YCbCr.vhd:68]
WARNING: [Synth 8-6014] Unused sequential element r_reg was removed.  [/net/e/souajih/Documents/blegal/EN325/5_FPGA/1_FPGASynthesis/vhdl/RGB2YCbCr.vhd:69]
WARNING: [Synth 8-6014] Unused sequential element  was removed.  [/net/e/souajih/Documents/blegal/EN325/5_FPGA/1_FPGASynthesis/vhdl/RGB2YCbCr.vhd:73]
WARNING: [Synth 8-6014] Unused sequential element  was removed.  [/net/e/souajih/Documents/blegal/EN325/5_FPGA/1_FPGASynthesis/vhdl/RGB2YCbCr.vhd:73]
WARNING: [Synth 8-6014] Unused sequential element  was removed.  [/net/e/souajih/Documents/blegal/EN325/5_FPGA/1_FPGASynthesis/vhdl/RGB2YCbCr.vhd:73]
WARNING: [Synth 8-6014] Unused sequential element  was removed.  [/net/e/souajih/Documents/blegal/EN325/5_FPGA/1_FPGASynthesis/vhdl/RGB2YCbCr.vhd:74]
WARNING: [Synth 8-6014] Unused sequential element  was removed.  [/net/e/souajih/Documents/blegal/EN325/5_FPGA/1_FPGASynthesis/vhdl/RGB2YCbCr.vhd:74]
WARNING: [Synth 8-6014] Unused sequential element  was removed.  [/net/e/souajih/Documents/blegal/EN325/5_FPGA/1_FPGASynthesis/vhdl/RGB2YCbCr.vhd:74]
WARNING: [Synth 8-6014] Unused sequential element  was removed.  [/net/e/souajih/Documents/blegal/EN325/5_FPGA/1_FPGASynthesis/vhdl/RGB2YCbCr.vhd:75]
WARNING: [Synth 8-6014] Unused sequential element  was removed.  [/net/e/souajih/Documents/blegal/EN325/5_FPGA/1_FPGASynthesis/vhdl/RGB2YCbCr.vhd:75]
WARNING: [Synth 8-6014] Unused sequential element  was removed.  [/net/e/souajih/Documents/blegal/EN325/5_FPGA/1_FPGASynthesis/vhdl/RGB2YCbCr.vhd:75]
INFO: [Synth 8-802] inferred FSM for state register 'state_reg' in module 'UART_recv'
INFO: [Synth 8-5546] ROM "state" won't be mapped to RAM because it is too sparse
INFO: [Synth 8-5544] ROM "nbbits" won't be mapped to Block RAM because address size (3) smaller than threshold (5)
INFO: [Synth 8-5544] ROM "nbbits" won't be mapped to Block RAM because address size (3) smaller than threshold (5)
INFO: [Synth 8-5544] ROM "state" won't be mapped to Block RAM because address size (1) smaller than threshold (5)
INFO: [Synth 8-5544] ROM "state" won't be mapped to Block RAM because address size (1) smaller than threshold (5)
INFO: [Synth 8-5544] ROM "state" won't be mapped to Block RAM because address size (1) smaller than threshold (5)
INFO: [Synth 8-5546] ROM "fifo_empty" won't be mapped to RAM because it is too sparse
INFO: [Synth 8-5546] ROM "top" won't be mapped to RAM because it is too sparse
---------------------------------------------------------------------------------------------------
                   State |                     New Encoding |                Previous Encoding 
---------------------------------------------------------------------------------------------------
                    idle |                              001 |                              000
           zero_as_input |                              110 |                              001
           wait_next_bit |                              100 |                              010
              bit_sample |                              101 |                              011
            bit_received |                              011 |                              100
           wait_stop_bit |                              010 |                              101
        last_bit_is_zero |                              000 |                              110
---------------------------------------------------------------------------------------------------
INFO: [Synth 8-3354] encoded FSM with state register 'state_reg' using encoding 'sequential' in module 'UART_recv'
---------------------------------------------------------------------------------
Finished RTL Optimization Phase 2 : Time (s): cpu = 00:00:12 ; elapsed = 00:00:38 . Memory (MB): peak = 1843.770 ; gain = 514.402 ; free physical = 272 ; free virtual = 16469
---------------------------------------------------------------------------------

Report RTL Partitions: 
+-+--------------+------------+----------+
| |RTL Partition |Replication |Instances |
+-+--------------+------------+----------+
+-+--------------+------------+----------+
---------------------------------------------------------------------------------
Start RTL Component Statistics 
---------------------------------------------------------------------------------
Detailed RTL Component Info : 
+---Adders : 
	   2 Input     32 Bit       Adders := 5     
	   2 Input     31 Bit       Adders := 3     
	   2 Input     13 Bit       Adders := 1     
	   2 Input     12 Bit       Adders := 2     
	   2 Input     10 Bit       Adders := 2     
	   2 Input      4 Bit       Adders := 2     
+---Registers : 
	               32 Bit    Registers := 3     
	               24 Bit    Registers := 4     
	               12 Bit    Registers := 1     
	               10 Bit    Registers := 2     
	                9 Bit    Registers := 10    
	                8 Bit    Registers := 2     
	                4 Bit    Registers := 2     
	                3 Bit    Registers := 2     
	                1 Bit    Registers := 6     
+---RAMs : 
	              32K Bit         RAMs := 1     
+---Muxes : 
	   3 Input     32 Bit        Muxes := 3     
	   2 Input     32 Bit        Muxes := 3     
	   2 Input     31 Bit        Muxes := 3     
	   2 Input     13 Bit        Muxes := 1     
	   2 Input     12 Bit        Muxes := 2     
	   2 Input     10 Bit        Muxes := 2     
	   7 Input     10 Bit        Muxes := 1     
	   3 Input     10 Bit        Muxes := 1     
	   4 Input      9 Bit        Muxes := 1     
	   3 Input      9 Bit        Muxes := 1     
	   2 Input      9 Bit        Muxes := 1     
	   2 Input      8 Bit        Muxes := 2     
	   3 Input      7 Bit        Muxes := 1     
	   4 Input      4 Bit        Muxes := 1     
	   2 Input      4 Bit        Muxes := 1     
	   7 Input      3 Bit        Muxes := 1     
	   2 Input      3 Bit        Muxes := 6     
	   3 Input      3 Bit        Muxes := 1     
	   2 Input      1 Bit        Muxes := 12    
	   7 Input      1 Bit        Muxes := 1     
---------------------------------------------------------------------------------
Finished RTL Component Statistics 
---------------------------------------------------------------------------------
---------------------------------------------------------------------------------
Start RTL Hierarchical Component Statistics 
---------------------------------------------------------------------------------
Hierarchical RTL Component report 
Module RGB2YCbCr 
Detailed RTL Component Info : 
+---Adders : 
	   2 Input     32 Bit       Adders := 5     
	   2 Input     31 Bit       Adders := 3     
+---Registers : 
	               32 Bit    Registers := 3     
	               24 Bit    Registers := 2     
	                9 Bit    Registers := 9     
	                1 Bit    Registers := 3     
+---Muxes : 
	   3 Input     32 Bit        Muxes := 3     
	   2 Input     32 Bit        Muxes := 3     
	   2 Input     31 Bit        Muxes := 3     
Module UART_recv 
Detailed RTL Component Info : 
+---Adders : 
	   2 Input     10 Bit       Adders := 1     
	   2 Input      4 Bit       Adders := 1     
+---Registers : 
	               10 Bit    Registers := 1     
	                8 Bit    Registers := 2     
	                4 Bit    Registers := 1     
	                1 Bit    Registers := 3     
+---Muxes : 
	   2 Input     10 Bit        Muxes := 2     
	   7 Input     10 Bit        Muxes := 1     
	   3 Input      7 Bit        Muxes := 1     
	   7 Input      3 Bit        Muxes := 1     
	   2 Input      3 Bit        Muxes := 4     
	   2 Input      1 Bit        Muxes := 5     
	   7 Input      1 Bit        Muxes := 1     
Module merger_8b_to_24b 
Detailed RTL Component Info : 
+---Registers : 
	               24 Bit    Registers := 1     
	                3 Bit    Registers := 1     
+---Muxes : 
	   2 Input      3 Bit        Muxes := 1     
	   2 Input      1 Bit        Muxes := 1     
Module splitter_24b_to_8b 
Detailed RTL Component Info : 
+---Registers : 
	               24 Bit    Registers := 1     
	                3 Bit    Registers := 1     
+---Muxes : 
	   2 Input      8 Bit        Muxes := 2     
	   2 Input      3 Bit        Muxes := 1     
Module UART_fifoed_send 
Detailed RTL Component Info : 
+---Adders : 
	   2 Input     13 Bit       Adders := 1     
	   2 Input     12 Bit       Adders := 2     
	   2 Input     10 Bit       Adders := 1     
	   2 Input      4 Bit       Adders := 1     
+---Registers : 
	               12 Bit    Registers := 1     
	               10 Bit    Registers := 1     
	                9 Bit    Registers := 1     
	                4 Bit    Registers := 1     
+---RAMs : 
	              32K Bit         RAMs := 1     
+---Muxes : 
	   2 Input     13 Bit        Muxes := 1     
	   2 Input     12 Bit        Muxes := 2     
	   3 Input     10 Bit        Muxes := 1     
	   4 Input      9 Bit        Muxes := 1     
	   3 Input      9 Bit        Muxes := 1     
	   2 Input      9 Bit        Muxes := 1     
	   4 Input      4 Bit        Muxes := 1     
	   2 Input      4 Bit        Muxes := 1     
	   3 Input      3 Bit        Muxes := 1     
	   2 Input      1 Bit        Muxes := 6     
---------------------------------------------------------------------------------
Finished RTL Hierarchical Component Statistics
---------------------------------------------------------------------------------
---------------------------------------------------------------------------------
Start Part Resource Summary
---------------------------------------------------------------------------------
Part Resources:
DSPs: 240 (col length:80)
BRAMs: 270 (col length: RAMB18 80 RAMB36 40)
---------------------------------------------------------------------------------
Finished Part Resource Summary
---------------------------------------------------------------------------------
---------------------------------------------------------------------------------
Start Cross Boundary and Area Optimization
---------------------------------------------------------------------------------
Warning: Parallel synthesis criteria is not met 
WARNING: [Synth 8-6014] Unused sequential element A was removed.  [/net/e/souajih/Documents/blegal/EN325/5_FPGA/1_FPGASynthesis/vhdl/RGB2YCbCr.vhd:74]
WARNING: [Synth 8-6014] Unused sequential element A was removed.  [/net/e/souajih/Documents/blegal/EN325/5_FPGA/1_FPGASynthesis/vhdl/RGB2YCbCr.vhd:74]
WARNING: [Synth 8-6014] Unused sequential element A was removed.  [/net/e/souajih/Documents/blegal/EN325/5_FPGA/1_FPGASynthesis/vhdl/RGB2YCbCr.vhd:74]
WARNING: [Synth 8-6014] Unused sequential element A was removed.  [/net/e/souajih/Documents/blegal/EN325/5_FPGA/1_FPGASynthesis/vhdl/RGB2YCbCr.vhd:75]
WARNING: [Synth 8-6014] Unused sequential element A was removed.  [/net/e/souajih/Documents/blegal/EN325/5_FPGA/1_FPGASynthesis/vhdl/RGB2YCbCr.vhd:75]
WARNING: [Synth 8-6014] Unused sequential element A was removed.  [/net/e/souajih/Documents/blegal/EN325/5_FPGA/1_FPGASynthesis/vhdl/RGB2YCbCr.vhd:75]
INFO: [Synth 8-5546] ROM "rcv/receiver/state" won't be mapped to RAM because it is too sparse
INFO: [Synth 8-5546] ROM "snd/transmitter/top" won't be mapped to RAM because it is too sparse
INFO: [Synth 8-3886] merging instance 'module/y_reg[26]' (FDR) to 'module/y_reg[27]'
INFO: [Synth 8-3886] merging instance 'module/y_reg[27]' (FDR) to 'module/y_reg[28]'
INFO: [Synth 8-3886] merging instance 'module/y_reg[28]' (FDR) to 'module/y_reg[29]'
INFO: [Synth 8-3886] merging instance 'module/y_reg[29]' (FDR) to 'module/y_reg[30]'
INFO: [Synth 8-3886] merging instance 'module/y_reg[30]' (FDR) to 'module/y_reg[31]'
INFO: [Synth 8-3886] merging instance 'snd/transmitter/read_index_reg_rep[0]' (FDRE) to 'snd/transmitter/read_index_reg[0]'
INFO: [Synth 8-3886] merging instance 'snd/transmitter/read_index_reg_rep[1]' (FDRE) to 'snd/transmitter/read_index_reg[1]'
INFO: [Synth 8-3886] merging instance 'snd/transmitter/read_index_reg_rep[2]' (FDRE) to 'snd/transmitter/read_index_reg[2]'
INFO: [Synth 8-3886] merging instance 'snd/transmitter/read_index_reg_rep[3]' (FDRE) to 'snd/transmitter/read_index_reg[3]'
INFO: [Synth 8-3886] merging instance 'snd/transmitter/read_index_reg_rep[4]' (FDRE) to 'snd/transmitter/read_index_reg[4]'
INFO: [Synth 8-3886] merging instance 'snd/transmitter/read_index_reg_rep[5]' (FDRE) to 'snd/transmitter/read_index_reg[5]'
INFO: [Synth 8-3886] merging instance 'snd/transmitter/read_index_reg_rep[10]' (FDRE) to 'snd/transmitter/read_index_reg[10]'
INFO: [Synth 8-3886] merging instance 'snd/transmitter/read_index_reg_rep[11]' (FDRE) to 'snd/transmitter/read_index_reg[11]'
INFO: [Synth 8-3886] merging instance 'snd/transmitter/read_index_reg_rep[9]' (FDRE) to 'snd/transmitter/read_index_reg[9]'
INFO: [Synth 8-3886] merging instance 'snd/transmitter/read_index_reg_rep[8]' (FDRE) to 'snd/transmitter/read_index_reg[8]'
INFO: [Synth 8-3886] merging instance 'snd/transmitter/read_index_reg_rep[7]' (FDRE) to 'snd/transmitter/read_index_reg[7]'
INFO: [Synth 8-3886] merging instance 'snd/transmitter/read_index_reg_rep[6]' (FDRE) to 'snd/transmitter/read_index_reg[6]'
---------------------------------------------------------------------------------
Finished Cross Boundary and Area Optimization : Time (s): cpu = 00:00:14 ; elapsed = 00:00:41 . Memory (MB): peak = 1843.770 ; gain = 514.402 ; free physical = 249 ; free virtual = 16451
---------------------------------------------------------------------------------
---------------------------------------------------------------------------------
Start ROM, RAM, DSP and Shift Register Reporting
---------------------------------------------------------------------------------

Distributed RAM: Preliminary Mapping  Report (see note below)
+------------+--------------------------+-----------+----------------------+--------------------------------+
|Module Name | RTL Object               | Inference | Size (Depth x Width) | Primitives                     | 
+------------+--------------------------+-----------+----------------------+--------------------------------+
|top_uart    | snd/transmitter/FIFO_reg | Implied   | 4 K x 8              | RAM64X1D x 128  RAM64M x 128   | 
+------------+--------------------------+-----------+----------------------+--------------------------------+

Note: The table above is a preliminary report that shows the Distributed RAMs at the current stage of the synthesis flow. Some Distributed RAMs may be reimplemented as non Distributed RAM primitives later in the synthesis flow. Multiple instantiated RAMs are reported only once.
---------------------------------------------------------------------------------
Finished ROM, RAM, DSP and Shift Register Reporting
---------------------------------------------------------------------------------

Report RTL Partitions: 
+-+--------------+------------+----------+
| |RTL Partition |Replication |Instances |
+-+--------------+------------+----------+
+-+--------------+------------+----------+
---------------------------------------------------------------------------------
Start Applying XDC Timing Constraints
---------------------------------------------------------------------------------
---------------------------------------------------------------------------------
Finished Applying XDC Timing Constraints : Time (s): cpu = 00:00:20 ; elapsed = 00:00:51 . Memory (MB): peak = 1843.770 ; gain = 514.402 ; free physical = 147 ; free virtual = 16328
---------------------------------------------------------------------------------
---------------------------------------------------------------------------------
Start Timing Optimization
---------------------------------------------------------------------------------
---------------------------------------------------------------------------------
Finished Timing Optimization : Time (s): cpu = 00:00:20 ; elapsed = 00:00:52 . Memory (MB): peak = 1843.770 ; gain = 514.402 ; free physical = 137 ; free virtual = 16320
---------------------------------------------------------------------------------
---------------------------------------------------------------------------------
Start ROM, RAM, DSP and Shift Register Reporting
---------------------------------------------------------------------------------

Distributed RAM: Final Mapping  Report
+------------+--------------------------+-----------+----------------------+--------------------------------+
|Module Name | RTL Object               | Inference | Size (Depth x Width) | Primitives                     | 
+------------+--------------------------+-----------+----------------------+--------------------------------+
|top_uart    | snd/transmitter/FIFO_reg | Implied   | 4 K x 8              | RAM64X1D x 128  RAM64M x 128   | 
+------------+--------------------------+-----------+----------------------+--------------------------------+

---------------------------------------------------------------------------------
Finished ROM, RAM, DSP and Shift Register Reporting
---------------------------------------------------------------------------------

Report RTL Partitions: 
+-+--------------+------------+----------+
| |RTL Partition |Replication |Instances |
+-+--------------+------------+----------+
+-+--------------+------------+----------+
---------------------------------------------------------------------------------
Start Technology Mapping
---------------------------------------------------------------------------------
---------------------------------------------------------------------------------
Finished Technology Mapping : Time (s): cpu = 00:00:21 ; elapsed = 00:00:52 . Memory (MB): peak = 1843.770 ; gain = 514.402 ; free physical = 136 ; free virtual = 16321
---------------------------------------------------------------------------------

Report RTL Partitions: 
+-+--------------+------------+----------+
| |RTL Partition |Replication |Instances |
+-+--------------+------------+----------+
+-+--------------+------------+----------+
---------------------------------------------------------------------------------
Start IO Insertion
---------------------------------------------------------------------------------
---------------------------------------------------------------------------------
Start Flattening Before IO Insertion
---------------------------------------------------------------------------------
---------------------------------------------------------------------------------
Finished Flattening Before IO Insertion
---------------------------------------------------------------------------------
---------------------------------------------------------------------------------
Start Final Netlist Cleanup
---------------------------------------------------------------------------------
---------------------------------------------------------------------------------
Finished Final Netlist Cleanup
---------------------------------------------------------------------------------
---------------------------------------------------------------------------------
Finished IO Insertion : Time (s): cpu = 00:00:21 ; elapsed = 00:00:53 . Memory (MB): peak = 1843.770 ; gain = 514.402 ; free physical = 132 ; free virtual = 16319
---------------------------------------------------------------------------------

Report Check Netlist: 
+------+------------------+-------+---------+-------+------------------+
|      |Item              |Errors |Warnings |Status |Description       |
+------+------------------+-------+---------+-------+------------------+
|1     |multi_driven_nets |      0|        0|Passed |Multi driven nets |
+------+------------------+-------+---------+-------+------------------+
---------------------------------------------------------------------------------
Start Renaming Generated Instances
---------------------------------------------------------------------------------
---------------------------------------------------------------------------------
Finished Renaming Generated Instances : Time (s): cpu = 00:00:21 ; elapsed = 00:00:53 . Memory (MB): peak = 1843.770 ; gain = 514.402 ; free physical = 132 ; free virtual = 16319
---------------------------------------------------------------------------------

Report RTL Partitions: 
+-+--------------+------------+----------+
| |RTL Partition |Replication |Instances |
+-+--------------+------------+----------+
+-+--------------+------------+----------+
---------------------------------------------------------------------------------
Start Rebuilding User Hierarchy
---------------------------------------------------------------------------------
---------------------------------------------------------------------------------
Finished Rebuilding User Hierarchy : Time (s): cpu = 00:00:21 ; elapsed = 00:00:53 . Memory (MB): peak = 1843.770 ; gain = 514.402 ; free physical = 131 ; free virtual = 16319
---------------------------------------------------------------------------------
---------------------------------------------------------------------------------
Start Renaming Generated Ports
---------------------------------------------------------------------------------
---------------------------------------------------------------------------------
Finished Renaming Generated Ports : Time (s): cpu = 00:00:21 ; elapsed = 00:00:53 . Memory (MB): peak = 1843.770 ; gain = 514.402 ; free physical = 131 ; free virtual = 16319
---------------------------------------------------------------------------------
---------------------------------------------------------------------------------
Start Handling Custom Attributes
---------------------------------------------------------------------------------
---------------------------------------------------------------------------------
Finished Handling Custom Attributes : Time (s): cpu = 00:00:21 ; elapsed = 00:00:53 . Memory (MB): peak = 1843.770 ; gain = 514.402 ; free physical = 131 ; free virtual = 16319
---------------------------------------------------------------------------------
---------------------------------------------------------------------------------
Start Renaming Generated Nets
---------------------------------------------------------------------------------
---------------------------------------------------------------------------------
Finished Renaming Generated Nets : Time (s): cpu = 00:00:21 ; elapsed = 00:00:53 . Memory (MB): peak = 1843.770 ; gain = 514.402 ; free physical = 131 ; free virtual = 16319
---------------------------------------------------------------------------------
---------------------------------------------------------------------------------
Start ROM, RAM, DSP and Shift Register Reporting
---------------------------------------------------------------------------------

Static Shift Register Report:
+------------+--------------------+--------+-------+--------------+--------------------+-------------------+--------+---------+
|Module Name | RTL Name           | Length | Width | Reset Signal | Pull out first Reg | Pull out last Reg | SRL16E | SRLC32E | 
+------------+--------------------+--------+-------+--------------+--------------------+-------------------+--------+---------+
|top_uart    | module/o_valid_reg | 3      | 1     | NO           | NO                 | YES               | 1      | 0       | 
+------------+--------------------+--------+-------+--------------+--------------------+-------------------+--------+---------+

---------------------------------------------------------------------------------
Finished ROM, RAM, DSP and Shift Register Reporting
---------------------------------------------------------------------------------
---------------------------------------------------------------------------------
Start Writing Synthesis Report
---------------------------------------------------------------------------------

Report BlackBoxes: 
+-+--------------+----------+
| |BlackBox name |Instances |
+-+--------------+----------+
+-+--------------+----------+

Report Cell Usage: 
+------+---------+------+
|      |Cell     |Count |
+------+---------+------+
|1     |BUFG     |     1|
|2     |CARRY4   |   131|
|3     |LUT1     |    62|
|4     |LUT2     |   367|
|5     |LUT3     |    62|
|6     |LUT4     |    77|
|7     |LUT5     |    27|
|8     |LUT6     |   264|
|9     |MUXF7    |    64|
|10    |MUXF8    |    32|
|11    |RAM64M   |   128|
|12    |RAM64X1D |   128|
|13    |SRL16E   |     1|
|14    |FDCE     |    54|
|15    |FDRE     |   233|
|16    |FDSE     |    37|
|17    |IBUF     |     3|
|18    |OBUF     |    17|
+------+---------+------+

Report Instance Areas: 
+------+----------------+-------------------+------+
|      |Instance        |Module             |Cells |
+------+----------------+-------------------+------+
|1     |top             |                   |  1688|
|2     |  \module       |RGB2YCbCr          |   741|
|3     |  rcv           |full_UART_recv     |   125|
|4     |    merger      |merger_8b_to_24b   |    31|
|5     |    receiver    |UART_recv          |    94|
|6     |  snd           |full_UART_trans    |   777|
|7     |    splitter    |splitter_24b_to_8b |    46|
|8     |    transmitter |UART_fifoed_send   |   731|
+------+----------------+-------------------+------+
---------------------------------------------------------------------------------
Finished Writing Synthesis Report : Time (s): cpu = 00:00:21 ; elapsed = 00:00:53 . Memory (MB): peak = 1843.770 ; gain = 514.402 ; free physical = 131 ; free virtual = 16319
---------------------------------------------------------------------------------
Synthesis finished with 0 errors, 0 critical warnings and 18 warnings.
Synthesis Optimization Runtime : Time (s): cpu = 00:00:14 ; elapsed = 00:00:23 . Memory (MB): peak = 1843.770 ; gain = 132.461 ; free physical = 185 ; free virtual = 16373
Synthesis Optimization Complete : Time (s): cpu = 00:00:22 ; elapsed = 00:00:53 . Memory (MB): peak = 1843.770 ; gain = 514.402 ; free physical = 195 ; free virtual = 16383
INFO: [Project 1-571] Translating synthesized netlist
INFO: [Netlist 29-17] Analyzing 486 Unisim elements for replacement
INFO: [Netlist 29-28] Unisim Transformation completed in 0 CPU seconds
INFO: [Project 1-570] Preparing netlist for logic optimization
INFO: [Opt 31-138] Pushed 0 inverter(s) to 0 load pin(s).
INFO: [Project 1-111] Unisim Transformation Summary:
  A total of 256 instances were transformed.
  RAM64M => RAM64M (RAMD64E, RAMD64E, RAMD64E, RAMD64E): 128 instances
  RAM64X1D => RAM64X1D (RAMD64E, RAMD64E): 128 instances

INFO: [Common 17-83] Releasing license: Synthesis
57 Infos, 18 Warnings, 0 Critical Warnings and 0 Errors encountered.
synth_design completed successfully
synth_design: Time (s): cpu = 00:00:23 ; elapsed = 00:00:55 . Memory (MB): peak = 1843.773 ; gain = 526.035 ; free physical = 176 ; free virtual = 16369
WARNING: [Constraints 18-5210] No constraint will be written out.
INFO: [Common 17-1381] The checkpoint '/net/e/souajih/Documents/blegal/EN325/5_FPGA/1_FPGASynthesis/vivado/UART_RGB2YUV.runs/synth_4/top_uart.dcp' has been generated.
INFO: [runtcl-4] Executing : report_utilization -file top_uart_utilization_synth.rpt -pb top_uart_utilization_synth.pb
report_utilization: Time (s): cpu = 00:00:00.06 ; elapsed = 00:00:00.09 . Memory (MB): peak = 1867.793 ; gain = 0.000 ; free physical = 168 ; free virtual = 16365
INFO: [Common 17-206] Exiting Vivado at Fri Nov 13 18:06:50 2020...
