
*** Running vivado
    with args -log ADD_WRAPPER.vds -m64 -product Vivado -mode batch -messageDb vivado.pb -notrace -source ADD_WRAPPER.tcl


****** Vivado v2018.2 (64-bit)
  **** SW Build 2258646 on Thu Jun 14 20:02:38 MDT 2018
  **** IP Build 2256618 on Thu Jun 14 22:10:49 MDT 2018
    ** Copyright 1986-2018 Xilinx, Inc. All Rights Reserved.

source ADD_WRAPPER.tcl -notrace
Command: synth_design -top ADD_WRAPPER -part xc7a100tcsg324-1 -mode out_of_context
Starting synth_design
Attempting to get a license for feature 'Synthesis' and/or device 'xc7a100t'
INFO: [Common 17-349] Got license for feature 'Synthesis' and/or device 'xc7a100t'
INFO: Launching helper process for spawning children vivado processes
INFO: Helper process launched with PID 25976 
---------------------------------------------------------------------------------
Starting Synthesize : Time (s): cpu = 00:00:02 ; elapsed = 00:00:03 . Memory (MB): peak = 1416.184 ; gain = 86.820 ; free physical = 1996 ; free virtual = 20324
---------------------------------------------------------------------------------
INFO: [Synth 8-638] synthesizing module 'ADD_WRAPPER' [/net/e/souajih/Documents/blegal/EN325/2_PART_VHDL/1_ADD_SIGNED/src/ADD_WRAPPER.vhd:36]
	Parameter N bound to: 64 - type: integer 
INFO: [Synth 8-638] synthesizing module 'ADD_SIGNED' [/net/e/souajih/Documents/blegal/EN325/2_PART_VHDL/1_ADD_SIGNED/src/ADD_SIGNED.vhd:35]
	Parameter N bound to: 64 - type: integer 
INFO: [Synth 8-256] done synthesizing module 'ADD_SIGNED' (1#1) [/net/e/souajih/Documents/blegal/EN325/2_PART_VHDL/1_ADD_SIGNED/src/ADD_SIGNED.vhd:35]
INFO: [Synth 8-256] done synthesizing module 'ADD_WRAPPER' (2#1) [/net/e/souajih/Documents/blegal/EN325/2_PART_VHDL/1_ADD_SIGNED/src/ADD_WRAPPER.vhd:36]
---------------------------------------------------------------------------------
Finished Synthesize : Time (s): cpu = 00:00:02 ; elapsed = 00:00:04 . Memory (MB): peak = 1460.824 ; gain = 131.461 ; free physical = 2011 ; free virtual = 20338
---------------------------------------------------------------------------------
---------------------------------------------------------------------------------
Finished Constraint Validation : Time (s): cpu = 00:00:02 ; elapsed = 00:00:04 . Memory (MB): peak = 1460.824 ; gain = 131.461 ; free physical = 2011 ; free virtual = 20339
---------------------------------------------------------------------------------
---------------------------------------------------------------------------------
Start Loading Part and Timing Information
---------------------------------------------------------------------------------
Loading part: xc7a100tcsg324-1
INFO: [Device 21-403] Loading part xc7a100tcsg324-1
---------------------------------------------------------------------------------
Finished Loading Part and Timing Information : Time (s): cpu = 00:00:02 ; elapsed = 00:00:04 . Memory (MB): peak = 1468.816 ; gain = 139.453 ; free physical = 2010 ; free virtual = 20338
---------------------------------------------------------------------------------
---------------------------------------------------------------------------------
Finished RTL Optimization Phase 2 : Time (s): cpu = 00:00:02 ; elapsed = 00:00:04 . Memory (MB): peak = 1476.820 ; gain = 147.457 ; free physical = 2010 ; free virtual = 20338
---------------------------------------------------------------------------------

Report RTL Partitions: 
+-+--------------+------------+----------+
| |RTL Partition |Replication |Instances |
+-+--------------+------------+----------+
+-+--------------+------------+----------+
No constraint files found.
---------------------------------------------------------------------------------
Start RTL Component Statistics 
---------------------------------------------------------------------------------
Detailed RTL Component Info : 
+---Adders : 
	   2 Input     64 Bit       Adders := 1     
+---Registers : 
	               64 Bit    Registers := 3     
---------------------------------------------------------------------------------
Finished RTL Component Statistics 
---------------------------------------------------------------------------------
---------------------------------------------------------------------------------
Start RTL Hierarchical Component Statistics 
---------------------------------------------------------------------------------
Hierarchical RTL Component report 
Module ADD_WRAPPER 
Detailed RTL Component Info : 
+---Registers : 
	               64 Bit    Registers := 3     
Module ADD_SIGNED 
Detailed RTL Component Info : 
+---Adders : 
	   2 Input     64 Bit       Adders := 1     
---------------------------------------------------------------------------------
Finished RTL Hierarchical Component Statistics
---------------------------------------------------------------------------------
---------------------------------------------------------------------------------
Start Part Resource Summary
---------------------------------------------------------------------------------
Part Resources:
DSPs: 240 (col length:80)
BRAMs: 270 (col length: RAMB18 80 RAMB36 40)
---------------------------------------------------------------------------------
Finished Part Resource Summary
---------------------------------------------------------------------------------
No constraint files found.
---------------------------------------------------------------------------------
Start Cross Boundary and Area Optimization
---------------------------------------------------------------------------------
Warning: Parallel synthesis criteria is not met 
---------------------------------------------------------------------------------
Finished Cross Boundary and Area Optimization : Time (s): cpu = 00:00:09 ; elapsed = 00:00:33 . Memory (MB): peak = 1591.164 ; gain = 261.801 ; free physical = 1845 ; free virtual = 20180
---------------------------------------------------------------------------------

Report RTL Partitions: 
+-+--------------+------------+----------+
| |RTL Partition |Replication |Instances |
+-+--------------+------------+----------+
+-+--------------+------------+----------+
No constraint files found.
---------------------------------------------------------------------------------
Start Timing Optimization
---------------------------------------------------------------------------------
---------------------------------------------------------------------------------
Finished Timing Optimization : Time (s): cpu = 00:00:09 ; elapsed = 00:00:33 . Memory (MB): peak = 1591.168 ; gain = 261.805 ; free physical = 1844 ; free virtual = 20179
---------------------------------------------------------------------------------

Report RTL Partitions: 
+-+--------------+------------+----------+
| |RTL Partition |Replication |Instances |
+-+--------------+------------+----------+
+-+--------------+------------+----------+
---------------------------------------------------------------------------------
Start Technology Mapping
---------------------------------------------------------------------------------
---------------------------------------------------------------------------------
Finished Technology Mapping : Time (s): cpu = 00:00:09 ; elapsed = 00:00:33 . Memory (MB): peak = 1591.168 ; gain = 261.805 ; free physical = 1842 ; free virtual = 20178
---------------------------------------------------------------------------------

Report RTL Partitions: 
+-+--------------+------------+----------+
| |RTL Partition |Replication |Instances |
+-+--------------+------------+----------+
+-+--------------+------------+----------+
---------------------------------------------------------------------------------
Start IO Insertion
---------------------------------------------------------------------------------
---------------------------------------------------------------------------------
Start Flattening Before IO Insertion
---------------------------------------------------------------------------------
---------------------------------------------------------------------------------
Finished Flattening Before IO Insertion
---------------------------------------------------------------------------------
---------------------------------------------------------------------------------
Start Final Netlist Cleanup
---------------------------------------------------------------------------------
---------------------------------------------------------------------------------
Finished Final Netlist Cleanup
---------------------------------------------------------------------------------
---------------------------------------------------------------------------------
Finished IO Insertion : Time (s): cpu = 00:00:09 ; elapsed = 00:00:34 . Memory (MB): peak = 1591.168 ; gain = 261.805 ; free physical = 1841 ; free virtual = 20178
---------------------------------------------------------------------------------

Report Check Netlist: 
+------+------------------+-------+---------+-------+------------------+
|      |Item              |Errors |Warnings |Status |Description       |
+------+------------------+-------+---------+-------+------------------+
|1     |multi_driven_nets |      0|        0|Passed |Multi driven nets |
+------+------------------+-------+---------+-------+------------------+
---------------------------------------------------------------------------------
Start Renaming Generated Instances
---------------------------------------------------------------------------------
---------------------------------------------------------------------------------
Finished Renaming Generated Instances : Time (s): cpu = 00:00:09 ; elapsed = 00:00:34 . Memory (MB): peak = 1591.168 ; gain = 261.805 ; free physical = 1841 ; free virtual = 20178
---------------------------------------------------------------------------------

Report RTL Partitions: 
+-+--------------+------------+----------+
| |RTL Partition |Replication |Instances |
+-+--------------+------------+----------+
+-+--------------+------------+----------+
---------------------------------------------------------------------------------
Start Rebuilding User Hierarchy
---------------------------------------------------------------------------------
---------------------------------------------------------------------------------
Finished Rebuilding User Hierarchy : Time (s): cpu = 00:00:09 ; elapsed = 00:00:34 . Memory (MB): peak = 1591.168 ; gain = 261.805 ; free physical = 1841 ; free virtual = 20178
---------------------------------------------------------------------------------
---------------------------------------------------------------------------------
Start Renaming Generated Ports
---------------------------------------------------------------------------------
---------------------------------------------------------------------------------
Finished Renaming Generated Ports : Time (s): cpu = 00:00:09 ; elapsed = 00:00:34 . Memory (MB): peak = 1591.168 ; gain = 261.805 ; free physical = 1841 ; free virtual = 20178
---------------------------------------------------------------------------------
---------------------------------------------------------------------------------
Start Handling Custom Attributes
---------------------------------------------------------------------------------
---------------------------------------------------------------------------------
Finished Handling Custom Attributes : Time (s): cpu = 00:00:09 ; elapsed = 00:00:34 . Memory (MB): peak = 1591.168 ; gain = 261.805 ; free physical = 1841 ; free virtual = 20178
---------------------------------------------------------------------------------
---------------------------------------------------------------------------------
Start Renaming Generated Nets
---------------------------------------------------------------------------------
---------------------------------------------------------------------------------
Finished Renaming Generated Nets : Time (s): cpu = 00:00:09 ; elapsed = 00:00:34 . Memory (MB): peak = 1591.168 ; gain = 261.805 ; free physical = 1841 ; free virtual = 20178
---------------------------------------------------------------------------------
---------------------------------------------------------------------------------
Start Writing Synthesis Report
---------------------------------------------------------------------------------

Report BlackBoxes: 
+-+--------------+----------+
| |BlackBox name |Instances |
+-+--------------+----------+
+-+--------------+----------+

Report Cell Usage: 
+------+-------+------+
|      |Cell   |Count |
+------+-------+------+
|1     |CARRY4 |    16|
|2     |LUT2   |    64|
|3     |FDRE   |   192|
+------+-------+------+

Report Instance Areas: 
+------+---------+-----------+------+
|      |Instance |Module     |Cells |
+------+---------+-----------+------+
|1     |top      |           |   272|
|2     |  ADDER  |ADD_SIGNED |    80|
+------+---------+-----------+------+
---------------------------------------------------------------------------------
Finished Writing Synthesis Report : Time (s): cpu = 00:00:09 ; elapsed = 00:00:34 . Memory (MB): peak = 1591.168 ; gain = 261.805 ; free physical = 1841 ; free virtual = 20178
---------------------------------------------------------------------------------
Synthesis finished with 0 errors, 0 critical warnings and 0 warnings.
Synthesis Optimization Runtime : Time (s): cpu = 00:00:09 ; elapsed = 00:00:34 . Memory (MB): peak = 1591.168 ; gain = 261.805 ; free physical = 1845 ; free virtual = 20182
Synthesis Optimization Complete : Time (s): cpu = 00:00:09 ; elapsed = 00:00:34 . Memory (MB): peak = 1591.172 ; gain = 261.805 ; free physical = 1854 ; free virtual = 20191
INFO: [Project 1-571] Translating synthesized netlist
INFO: [Netlist 29-17] Analyzing 16 Unisim elements for replacement
INFO: [Netlist 29-28] Unisim Transformation completed in 0 CPU seconds
INFO: [Project 1-570] Preparing netlist for logic optimization
INFO: [Opt 31-138] Pushed 0 inverter(s) to 0 load pin(s).
INFO: [Project 1-111] Unisim Transformation Summary:
No Unisim elements were transformed.

INFO: [Common 17-83] Releasing license: Synthesis
13 Infos, 0 Warnings, 0 Critical Warnings and 0 Errors encountered.
synth_design completed successfully
synth_design: Time (s): cpu = 00:00:12 ; elapsed = 00:00:36 . Memory (MB): peak = 1682.336 ; gain = 365.602 ; free physical = 1804 ; free virtual = 20143
WARNING: [Constraints 18-5210] No constraint will be written out.
INFO: [Timing 38-35] Done setting XDC timing constraints.
INFO: [Common 17-1381] The checkpoint '/net/e/souajih/Documents/blegal/EN325/2_PART_VHDL/Part_VHDL/Part_VHDL.runs/synth_2/ADD_WRAPPER.dcp' has been generated.
write_checkpoint: Time (s): cpu = 00:00:12 ; elapsed = 00:00:39 . Memory (MB): peak = 2163.871 ; gain = 481.535 ; free physical = 1401 ; free virtual = 19741
INFO: [runtcl-4] Executing : report_utilization -file ADD_WRAPPER_utilization_synth.rpt -pb ADD_WRAPPER_utilization_synth.pb
report_utilization: Time (s): cpu = 00:00:00.05 ; elapsed = 00:00:00.07 . Memory (MB): peak = 2163.871 ; gain = 0.000 ; free physical = 1400 ; free virtual = 19741
INFO: [Common 17-206] Exiting Vivado at Tue Oct 13 09:09:01 2020...
