INFO: [VRFC 10-163] Analyzing VHDL file "/net/e/souajih/Documents/blegal/EN325/4_VHDL/1_VHDL/vhdl/RGB2YCbCr.vhd" into library xil_defaultlib
INFO: [VRFC 10-307] analyzing entity RGB2YCbCr
INFO: [VRFC 10-163] Analyzing VHDL file "/net/e/souajih/Documents/blegal/EN325/4_VHDL/1_VHDL/vhdl/tb_RGB2YCbCr.vhd" into library xil_defaultlib
INFO: [VRFC 10-307] analyzing entity tb_RGB2YCbCr
INFO: [VRFC 10-163] Analyzing VHDL file "/net/e/souajih/Documents/blegal/EN325/4_VHDL/1_VHDL/vhdl/RGB2YCbCr.vhd" into library xil_defaultlib
INFO: [VRFC 10-307] analyzing entity RGB2YCbCr
INFO: [VRFC 10-163] Analyzing VHDL file "/net/e/souajih/Documents/blegal/EN325/4_VHDL/1_VHDL/vhdl/tb_RGB2YCbCr.vhd" into library xil_defaultlib
INFO: [VRFC 10-307] analyzing entity tb_RGB2YCbCr
INFO: [VRFC 10-163] Analyzing VHDL file "/net/e/souajih/Documents/blegal/EN325/4_VHDL/1_VHDL/vhdl/RGB2YCbCr.vhd" into library xil_defaultlib
INFO: [VRFC 10-307] analyzing entity RGB2YCbCr
INFO: [VRFC 10-163] Analyzing VHDL file "/net/e/souajih/Documents/blegal/EN325/4_VHDL/1_VHDL/vhdl/RGB2YCbCr.vhd" into library xil_defaultlib
INFO: [VRFC 10-307] analyzing entity RGB2YCbCr
INFO: [VRFC 10-163] Analyzing VHDL file "/net/e/souajih/Documents/blegal/EN325/4_VHDL/1_VHDL/vhdl/tb_RGB2YCbCr.vhd" into library xil_defaultlib
INFO: [VRFC 10-307] analyzing entity tb_RGB2YCbCr
INFO: [VRFC 10-163] Analyzing VHDL file "/net/e/souajih/Documents/blegal/EN325/4_VHDL/1_VHDL/vhdl/tb_RGB2YCbCr.vhd" into library xil_defaultlib
INFO: [VRFC 10-307] analyzing entity tb_RGB2YCbCr
INFO: [VRFC 10-163] Analyzing VHDL file "/net/e/souajih/Documents/blegal/EN325/4_VHDL/1_VHDL/vhdl/RGB2YCbCr.vhd" into library xil_defaultlib
INFO: [VRFC 10-307] analyzing entity RGB2YCbCr
INFO: [VRFC 10-163] Analyzing VHDL file "/net/e/souajih/Documents/blegal/EN325/4_VHDL/1_VHDL/vhdl/RGB2YCbCr.vhd" into library xil_defaultlib
INFO: [VRFC 10-307] analyzing entity RGB2YCbCr
INFO: [VRFC 10-163] Analyzing VHDL file "/net/e/souajih/Documents/blegal/EN325/4_VHDL/1_VHDL/vhdl/tb_RGB2YCbCr.vhd" into library xil_defaultlib
INFO: [VRFC 10-307] analyzing entity tb_RGB2YCbCr
INFO: [VRFC 10-163] Analyzing VHDL file "/net/e/souajih/Documents/blegal/EN325/4_VHDL/1_VHDL/vhdl/tb_RGB2YCbCr.vhd" into library xil_defaultlib
INFO: [VRFC 10-307] analyzing entity tb_RGB2YCbCr
INFO: [VRFC 10-163] Analyzing VHDL file "/net/e/souajih/Documents/blegal/EN325/4_VHDL/1_VHDL/vhdl/RGB2YCbCr.vhd" into library xil_defaultlib
INFO: [VRFC 10-307] analyzing entity RGB2YCbCr
INFO: [VRFC 10-163] Analyzing VHDL file "/net/e/souajih/Documents/blegal/EN325/4_VHDL/1_VHDL/vhdl/tb_RGB2YCbCr.vhd" into library xil_defaultlib
INFO: [VRFC 10-307] analyzing entity tb_RGB2YCbCr
INFO: [VRFC 10-163] Analyzing VHDL file "/net/e/souajih/Documents/blegal/EN325/4_VHDL/1_VHDL/vhdl/RGB2YCbCr.vhd" into library xil_defaultlib
INFO: [VRFC 10-307] analyzing entity RGB2YCbCr
INFO: [VRFC 10-163] Analyzing VHDL file "/net/e/souajih/Documents/blegal/EN325/4_VHDL/1_VHDL/vhdl/RGB2YCbCr.vhd" into library xil_defaultlib
INFO: [VRFC 10-307] analyzing entity RGB2YCbCr
INFO: [VRFC 10-163] Analyzing VHDL file "/net/e/souajih/Documents/blegal/EN325/4_VHDL/1_VHDL/vivado/RGB2YUV_module.srcs/sources_1/imports/vhdl/RGB2YCbCr.vhd" into library xil_defaultlib
INFO: [VRFC 10-307] analyzing entity RGB2YCbCr
INFO: [VRFC 10-163] Analyzing VHDL file "/net/e/souajih/Documents/blegal/EN325/4_VHDL/1_VHDL/vhdl/tb_RGB2YCbCr.vhd" into library xil_defaultlib
INFO: [VRFC 10-307] analyzing entity tb_RGB2YCbCr
INFO: [VRFC 10-163] Analyzing VHDL file "/net/e/souajih/Documents/blegal/EN325/4_VHDL/1_VHDL/vhdl/tb_RGB2YCbCr.vhd" into library xil_defaultlib
INFO: [VRFC 10-307] analyzing entity tb_RGB2YCbCr
INFO: [VRFC 10-163] Analyzing VHDL file "/net/e/souajih/Documents/blegal/EN325/4_VHDL/1_VHDL/vhdl/tb_RGB2YCbCr.vhd" into library xil_defaultlib
INFO: [VRFC 10-307] analyzing entity tb_RGB2YCbCr
INFO: [VRFC 10-163] Analyzing VHDL file "/net/e/souajih/Documents/blegal/EN325/4_VHDL/1_VHDL/vhdl/tb_RGB2YCbCr.vhd" into library xil_defaultlib
INFO: [VRFC 10-307] analyzing entity tb_RGB2YCbCr
INFO: [VRFC 10-163] Analyzing VHDL file "/net/e/souajih/Documents/blegal/EN325/4_VHDL/1_VHDL/vivado/RGB2YUV_module.srcs/sources_1/imports/vhdl/RGB2YCbCr.vhd" into library xil_defaultlib
INFO: [VRFC 10-307] analyzing entity RGB2YCbCr
INFO: [VRFC 10-163] Analyzing VHDL file "/net/e/souajih/Documents/blegal/EN325/4_VHDL/1_VHDL/vivado/RGB2YUV_module.srcs/sources_1/imports/vhdl/RGB2YCbCr.vhd" into library xil_defaultlib
INFO: [VRFC 10-307] analyzing entity RGB2YCbCr
INFO: [VRFC 10-163] Analyzing VHDL file "/net/e/souajih/Documents/blegal/EN325/4_VHDL/1_VHDL/vivado/RGB2YUV_module.srcs/sources_1/imports/vhdl/RGB2YCbCr.vhd" into library xil_defaultlib
INFO: [VRFC 10-307] analyzing entity RGB2YCbCr
INFO: [VRFC 10-163] Analyzing VHDL file "/net/e/souajih/Documents/blegal/EN325/4_VHDL/1_VHDL/vivado/RGB2YUV_module.srcs/sources_1/imports/vhdl/RGB2YCbCr.vhd" into library xil_defaultlib
INFO: [VRFC 10-307] analyzing entity RGB2YCbCr
